<?xml version="1.0" encoding="UTF-8"?>
<!-- Generated by org.testng.reporters.JUnitReportReporter -->
<testsuite hostname="LAPTOP-4HIL3QSE" failures="0" tests="2" name="SSL_Certificate.Handle_SSL_certify" time="10.942" errors="0" timestamp="2023-01-30T14:07:11 IST" skipped="0">
  <testcase classname="SSL_Certificate.Handle_SSL_certify" name="testSSL" time="5.021"/>
  <system-out/>
  <testcase classname="SSL_Certificate.Handle_SSL_certify" name="testSSL" time="5.921"/>
  <system-out/>
</testsuite> <!-- SSL_Certificate.Handle_SSL_certify -->
