<?xml version="1.0" encoding="UTF-8"?>
<!-- Generated by org.testng.reporters.JUnitReportReporter -->
<testsuite hostname="LAPTOP-4HIL3QSE" failures="0" tests="2" name="SSL_Certificate.Handle_SSL_certify" time="5.224" errors="0" timestamp="2023-01-25T02:44:42 IST" skipped="0">
  <testcase classname="SSL_Certificate.Handle_SSL_certify" name="testSSL" time="2.761"/>
  <system-out/>
  <testcase classname="SSL_Certificate.Handle_SSL_certify" name="testSSL" time="2.463"/>
  <system-out/>
</testsuite> <!-- SSL_Certificate.Handle_SSL_certify -->
